<?xml version="1.0" encoding="UTF-8"?>
<testng-results skipped="0" failed="0" total="1" passed="1">
  <reporter-output>
  </reporter-output>
  <suite name="Default suite" duration-ms="2971" started-at="2022-07-22T04:15:55Z" finished-at="2022-07-22T04:15:58Z">
    <groups>
    </groups>
    <test name="Default test" duration-ms="2971" started-at="2022-07-22T04:15:55Z" finished-at="2022-07-22T04:15:58Z">
      <class name="com.mln.jsonConstruction.Serialization">
        <test-method status="PASS" signature="serialize()[pri:0, instance:com.mln.jsonConstruction.Serialization@7907ec20]" name="serialize" duration-ms="2952" started-at="2022-07-22T00:15:55Z" finished-at="2022-07-22T00:15:58Z">
          <reporter-output>
          </reporter-output>
        </test-method> <!-- serialize -->
      </class> <!-- com.mln.jsonConstruction.Serialization -->
    </test> <!-- Default test -->
  </suite> <!-- Default suite -->
</testng-results>
